travis_fold:start:worker_info
[0K[33;1mWorker information[0m
hostname: 49fcda42-e2e2-4ac1-ab2f-810291ee6792@1.worker-com-78f4bfd8fc-hfbc7.gce-production-3
version: v6.2.17 https://github.com/travis-ci/worker/tree/bc420764f334fe0d096a417c80426f672f1b7d18
instance: travis-job-6ef9b368-ac1d-4a0f-b2bb-8701937a3293 travis-ci-sardonyx-xenial-1593004276-4d46c6b3 (via amqp)
startup: 5.940623035s
travis_fold:end:worker_info
[0Ktravis_time:start:0c97467f
[0Ktravis_time:end:0c97467f:start=1598018042423676199,finish=1598018042577296526,duration=153620327,event=no_world_writable_dirs
[0Ktravis_time:start:0d827454
[0Ktravis_time:end:0d827454:start=1598018042580840213,finish=1598018042588783110,duration=7942897,event=agent
[0Ktravis_time:start:05879fdc
[0Ktravis_time:end:05879fdc:start=1598018042591958763,finish=1598018042594491228,duration=2532465,event=check_unsupported
[0Ktravis_time:start:052f8944
[0Ktravis_fold:start:system_info
[0K[33;1mBuild system information[0m
Build language: generic
Build dist: xenial
Build id: 180830191
Job id: 376157457
Runtime kernel version: 4.15.0-1077-gcp
travis-build version: 415c14b4
[34m[1mBuild image provisioning date and time[0m
Wed Jun 24 13:36:52 UTC 2020
[34m[1mOperating System Details[0m
Distributor ID:	Ubuntu
Description:	Ubuntu 16.04.6 LTS
Release:	16.04
Codename:	xenial
[34m[1mSystemd Version[0m
systemd 229
[34m[1mCookbooks Version[0m
3f92a99 https://github.com/travis-ci/travis-cookbooks/tree/3f92a99
[34m[1mgit version[0m
git version 2.27.0
[34m[1mbash version[0m
GNU bash, version 4.3.48(1)-release (x86_64-pc-linux-gnu)
[34m[1mgcc version[0m
gcc (Ubuntu 5.4.0-6ubuntu1~16.04.12) 5.4.0 20160609
[34m[1mdocker version[0m
Client:
 Version:           18.06.0-ce
 API version:       1.38
 Go version:        go1.10.3
 Git commit:        0ffa825
 Built:             Wed Jul 18 19:11:02 2018
 OS/Arch:           linux/amd64
 Experimental:      false

Server:
 Engine:
  Version:          18.06.0-ce
  API version:      1.38 (minimum version 1.12)
  Go version:       go1.10.3
  Git commit:       0ffa825
  Built:            Wed Jul 18 19:09:05 2018
  OS/Arch:          linux/amd64
  Experimental:     false
[34m[1mclang version[0m
clang version 7.0.0 (tags/RELEASE_700/final)
[34m[1mjq version[0m
jq-1.5
[34m[1mbats version[0m
Bats 0.4.0
[34m[1mshellcheck version[0m
0.7.0
[34m[1mshfmt version[0m
v2.6.3
[34m[1mccache version[0m
3.2.4
[34m[1mcmake version[0m
cmake version 3.12.4
[34m[1mheroku version[0m
heroku/7.42.1 linux-x64 node-v12.16.2
[34m[1mimagemagick version[0m
Version: ImageMagick 6.8.9-9 Q16 x86_64 2019-11-12 http://www.imagemagick.org
[34m[1mmd5deep version[0m
4.4
[34m[1mmercurial version[0m
version 4.8
[34m[1mmysql version[0m
mysql  Ver 14.14 Distrib 5.7.30, for Linux (x86_64) using  EditLine wrapper
[34m[1mopenssl version[0m
OpenSSL 1.0.2g  1 Mar 2016
[34m[1mpacker version[0m
1.3.3
[34m[1mpostgresql client version[0m
psql (PostgreSQL) 10.13 (Ubuntu 10.13-1.pgdg16.04+1)
[34m[1mragel version[0m
Ragel State Machine Compiler version 6.8 Feb 2013
[34m[1msudo version[0m
1.8.16
[34m[1mgzip version[0m
gzip 1.6
[34m[1mzip version[0m
Zip 3.0
[34m[1mvim version[0m
VIM - Vi IMproved 7.4 (2013 Aug 10, compiled Mar 18 2020 14:06:17)
[34m[1miptables version[0m
iptables v1.6.0
[34m[1mcurl version[0m
curl 7.47.0 (x86_64-pc-linux-gnu) libcurl/7.47.0 GnuTLS/3.4.10 zlib/1.2.8 libidn/1.32 librtmp/2.3
[34m[1mwget version[0m
GNU Wget 1.17.1 built on linux-gnu.
[34m[1mrsync version[0m
rsync  version 3.1.1  protocol version 31
[34m[1mgimme version[0m
v1.5.4
[34m[1mnvm version[0m
0.35.3
[34m[1mperlbrew version[0m
/home/travis/perl5/perlbrew/bin/perlbrew  - App::perlbrew/0.88
[34m[1mphpenv version[0m
rbenv 1.1.2-30-gc879cb0
[34m[1mrvm version[0m
rvm 1.29.10 (latest) by Michal Papis, Piotr Kuczynski, Wayne E. Seguin [https://rvm.io]
[34m[1mdefault ruby version[0m
ruby 2.5.3p105 (2018-10-18 revision 65156) [x86_64-linux]
[34m[1mCouchDB version[0m
couchdb 1.6.1
[34m[1mElasticSearch version[0m
5.5.0
[34m[1mInstalled Firefox version[0m
firefox 63.0.1
[34m[1mMongoDB version[0m
MongoDB 4.0.19
[34m[1mPhantomJS version[0m
2.1.1
[34m[1mPre-installed PostgreSQL versions[0m
9.4.26
9.5.22
9.6.18
[34m[1mRedis version[0m
redis-server 6.0.5
[34m[1mPre-installed Go versions[0m
1.11.1
[34m[1mant version[0m
Apache Ant(TM) version 1.9.6 compiled on July 20 2018
[34m[1mmvn version[0m
Apache Maven 3.6.3 (cecedd343002696d0abb50b32b541b8a6ba2883f)
[34m[1mgradle version[0m
Gradle 5.1.1!
[34m[1mlein version[0m
Leiningen 2.9.3 on Java 11.0.2 OpenJDK 64-Bit Server VM
[34m[1mPre-installed Node.js versions[0m
v10.21.0
v11.0.0
v12.18.1
v4.9.1
v6.17.1
v8.12.0
v8.17.0
v8.9
[34m[1mphpenv versions[0m
  system
  5.6
  5.6.40
  7.1
  7.1.27
  7.2
* 7.2.15 (set by /home/travis/.phpenv/version)
  hhvm
  hhvm-stable
[34m[1mcomposer --version[0m
Composer version 1.8.4 2019-02-11 10:52:10
[34m[1mPre-installed Ruby versions[0m
ruby-2.3.8
ruby-2.4.5
ruby-2.5.3
travis_fold:end:system_info
[0K
travis_time:end:052f8944:start=1598018042597404741,finish=1598018042604421427,duration=7016686,event=show_system_info
[0Ktravis_time:start:0316ba2c
[0Ktravis_time:end:0316ba2c:start=1598018042607355420,finish=1598018042620942277,duration=13586857,event=rm_riak_source
[0Ktravis_time:start:01a3fc18
[0Ktravis_time:end:01a3fc18:start=1598018042624523648,finish=1598018042633214669,duration=8691021,event=fix_rwky_redis
[0Ktravis_time:start:17555354
[0Ktravis_time:end:17555354:start=1598018042636854595,finish=1598018043293520516,duration=656665921,event=wait_for_network
[0Ktravis_time:start:069222ef
[0Ktravis_time:end:069222ef:start=1598018043297110514,finish=1598018043517554563,duration=220444049,event=update_apt_keys
[0Ktravis_time:start:09a440c6
[0Ktravis_time:end:09a440c6:start=1598018043520872286,finish=1598018043574156892,duration=53284606,event=fix_hhvm_source
[0Ktravis_time:start:1a2e6764
[0Ktravis_time:end:1a2e6764:start=1598018043577559948,finish=1598018043580309677,duration=2749729,event=update_mongo_arch
[0Ktravis_time:start:01062346
[0Ktravis_time:end:01062346:start=1598018043583613292,finish=1598018043626153483,duration=42540191,event=fix_sudo_enabled_trusty
[0Ktravis_time:start:01a0fc9b
[0Ktravis_time:end:01a0fc9b:start=1598018043629746283,finish=1598018043632285184,duration=2538901,event=update_glibc
[0Ktravis_time:start:022be835
[0Ktravis_time:end:022be835:start=1598018043635561471,finish=1598018043643466475,duration=7905004,event=clean_up_path
[0Ktravis_time:start:0d163424
[0Ktravis_time:end:0d163424:start=1598018043646402067,finish=1598018043654383140,duration=7981073,event=fix_resolv_conf
[0Ktravis_time:start:1534db50
[0Ktravis_time:end:1534db50:start=1598018043657362159,finish=1598018043666401587,duration=9039428,event=fix_etc_hosts
[0Ktravis_time:start:092ff4c0
[0Ktravis_time:end:092ff4c0:start=1598018043669411787,finish=1598018043681140773,duration=11728986,event=fix_mvn_settings_xml
[0Ktravis_time:start:38e67e21
[0Ktravis_time:end:38e67e21:start=1598018043684505703,finish=1598018043694220421,duration=9714718,event=no_ipv6_localhost
[0Ktravis_time:start:07df7a4e
[0Ktravis_time:end:07df7a4e:start=1598018043697315755,finish=1598018043699551949,duration=2236194,event=fix_etc_mavenrc
[0Ktravis_time:start:1dcaa8d9
[0Ktravis_time:end:1dcaa8d9:start=1598018043702462699,finish=1598018043705642597,duration=3179898,event=fix_wwdr_certificate
[0Ktravis_time:start:09ddd930
[0Ktravis_time:end:09ddd930:start=1598018043708533704,finish=1598018043732478192,duration=23944488,event=put_localhost_first
[0Ktravis_time:start:0939792c
[0Ktravis_time:end:0939792c:start=1598018043735626555,finish=1598018043738756400,duration=3129845,event=home_paths
[0Ktravis_time:start:2e639f25
[0Ktravis_time:end:2e639f25:start=1598018043741868199,finish=1598018043754241347,duration=12373148,event=disable_initramfs
[0Ktravis_time:start:0ead8c12
[0Ktravis_time:end:0ead8c12:start=1598018043757374161,finish=1598018044074372040,duration=316997879,event=disable_ssh_roaming
[0Ktravis_time:start:06d51468
[0Ktravis_time:end:06d51468:start=1598018044077608014,finish=1598018044079991586,duration=2383572,event=debug_tools
[0Ktravis_time:start:01349268
[0Ktravis_time:end:01349268:start=1598018044083109063,finish=1598018044086204313,duration=3095250,event=uninstall_oclint
[0Ktravis_time:start:0e15cdaf
[0Ktravis_time:end:0e15cdaf:start=1598018044089316132,finish=1598018044092313811,duration=2997679,event=rvm_use
[0Ktravis_time:start:0e47b0e8
[0Ktravis_time:end:0e47b0e8:start=1598018044095346301,finish=1598018044103092457,duration=7746156,event=rm_etc_boto_cfg
[0Ktravis_time:start:172da156
[0Ktravis_time:end:172da156:start=1598018044106008368,finish=1598018044109739055,duration=3730687,event=rm_oraclejdk8_symlink
[0Ktravis_time:start:09e2585a
[0Ktravis_time:end:09e2585a:start=1598018044112721618,finish=1598018044211298663,duration=98577045,event=enable_i386
[0Ktravis_time:start:01a9fe6e
[0Ktravis_time:end:01a9fe6e:start=1598018044215036980,finish=1598018044220915416,duration=5878436,event=update_rubygems
[0Ktravis_time:start:0f620898
[0Ktravis_time:end:0f620898:start=1598018044224249273,finish=1598018045064937303,duration=840688030,event=ensure_path_components
[0Ktravis_time:start:2ae4661f
[0Ktravis_time:end:2ae4661f:start=1598018045068342985,finish=1598018045070700798,duration=2357813,event=redefine_curl
[0Ktravis_time:start:0fa2dfe8
[0Ktravis_time:end:0fa2dfe8:start=1598018045073834200,finish=1598018045076225023,duration=2390823,event=nonblock_pipe
[0Ktravis_time:start:011d8106
[0Ktravis_time:end:011d8106:start=1598018045079133423,finish=1598018051113907986,duration=6034774563,event=apt_get_update
[0Ktravis_time:start:297523e6
[0Ktravis_time:end:297523e6:start=1598018051117561172,finish=1598018051119913410,duration=2352238,event=deprecate_xcode_64
[0Ktravis_time:start:1d31b0d8
[0Ktravis_time:end:1d31b0d8:start=1598018051122974163,finish=1598018053509154605,duration=2386180442,event=update_heroku
[0Ktravis_time:start:05c94e16
[0Ktravis_time:end:05c94e16:start=1598018053512660243,finish=1598018053514981935,duration=2321692,event=shell_session_update
[0Ktravis_time:start:2e3ed27a
[0Ktravis_fold:start:docker_mtu
[0Ktravis_fold:end:docker_mtu
[0Ktravis_time:end:2e3ed27a:start=1598018053517878430,finish=1598018055750000446,duration=2232122016,event=set_docker_mtu
[0Ktravis_time:start:0344836b
[0Ktravis_fold:start:resolvconf
[0Ktravis_fold:end:resolvconf
[0Ktravis_time:end:0344836b:start=1598018055754199934,finish=1598018055824657868,duration=70457934,event=resolvconf
[0Ktravis_time:start:117f9b5d
[0Ktravis_time:end:117f9b5d:start=1598018055831661587,finish=1598018055966889304,duration=135227717,event=maven_central_mirror
[0Ktravis_time:start:0e49af1b
[0Ktravis_time:end:0e49af1b:start=1598018055970221899,finish=1598018056066778244,duration=96556345,event=maven_https
[0Ktravis_time:start:29d5929c
[0Ktravis_fold:start:services
[0Ktravis_time:start:012ffb70
[0K$ sudo systemctl start docker
travis_time:end:012ffb70:start=1598018056074277030,finish=1598018056085559924,duration=11282894,event=prepare
[0Ktravis_fold:end:services
[0Ktravis_time:end:012ffb70:start=1598018056074277030,finish=1598018059089747897,duration=3015470867,event=services
[0Ktravis_time:start:32c7ec82
[0Ktravis_time:end:32c7ec82:start=1598018059092948361,finish=1598018059095158893,duration=2210532,event=fix_ps4
[0Ktravis_time:start:00cd92cd
[0K
travis_fold:start:git.checkout
[0Ktravis_time:start:032f7e04
[0K$ git clone --depth=50 --branch=master https://github.com/dougginn/docker-react.git dougginn/docker-react
Cloning into 'dougginn/docker-react'...
remote: Enumerating objects: 36, done.[K
remote: Counting objects:   2% (1/36)[K
remote: Counting objects:   5% (2/36)[K
remote: Counting objects:   8% (3/36)[K
remote: Counting objects:  11% (4/36)[K
remote: Counting objects:  13% (5/36)[K
remote: Counting objects:  16% (6/36)[K
remote: Counting objects:  19% (7/36)[K
remote: Counting objects:  22% (8/36)[K
remote: Counting objects:  25% (9/36)[K
remote: Counting objects:  27% (10/36)[K
remote: Counting objects:  30% (11/36)[K
remote: Counting objects:  33% (12/36)[K
remote: Counting objects:  36% (13/36)[K
remote: Counting objects:  38% (14/36)[K
remote: Counting objects:  41% (15/36)[K
remote: Counting objects:  44% (16/36)[K
remote: Counting objects:  47% (17/36)[K
remote: Counting objects:  50% (18/36)[K
remote: Counting objects:  52% (19/36)[K
remote: Counting objects:  55% (20/36)[K
remote: Counting objects:  58% (21/36)[K
remote: Counting objects:  61% (22/36)[K
remote: Counting objects:  63% (23/36)[K
remote: Counting objects:  66% (24/36)[K
remote: Counting objects:  69% (25/36)[K
remote: Counting objects:  72% (26/36)[K
remote: Counting objects:  75% (27/36)[K
remote: Counting objects:  77% (28/36)[K
remote: Counting objects:  80% (29/36)[K
remote: Counting objects:  83% (30/36)[K
remote: Counting objects:  86% (31/36)[K
remote: Counting objects:  88% (32/36)[K
remote: Counting objects:  91% (33/36)[K
remote: Counting objects:  94% (34/36)[K
remote: Counting objects:  97% (35/36)[K
remote: Counting objects: 100% (36/36)[K
remote: Counting objects: 100% (36/36), done.[K
remote: Compressing objects:   3% (1/33)[K
remote: Compressing objects:   6% (2/33)[K
remote: Compressing objects:   9% (3/33)[K
remote: Compressing objects:  12% (4/33)[K
remote: Compressing objects:  15% (5/33)[K
remote: Compressing objects:  18% (6/33)[K
remote: Compressing objects:  21% (7/33)[K
remote: Compressing objects:  24% (8/33)
remote: Compressing objects:  27% (9/33)[K
remote: Compressing objects:  30% (10/33)[K
remote: Compressing objects:  33% (11/33)[K
remote: Compressing objects:  36% (12/33)[K
remote: Compressing objects:  39% (13/33)[K
remote: Compressing objects:  42% (14/33)[K
remote: Compressing objects:  45% (15/33)[K
remote: Compressing objects:  48% (16/33)[K
remote: Compressing objects:  51% (17/33)[K
remote: Compressing objects:  54% (18/33)[K
remote: Compressing objects:  57% (19/33)[K
remote: Compressing objects:  60% (20/33)[K
remote: Compressing objects:  63% (21/33)[K
remote: Compressing objects:  66% (22/33)[K
remote: Compressing objects:  69% (23/33)[K
remote: Compressing objects:  72% (24/33)[K
remote: Compressing objects:  75% (25/33)[K
remote: Compressing objects:  78% (26/33)[K
remote: Compressing objects:  81% (27/33)[K
remote: Compressing objects:  84% (28/33)[K
remote: Compressing objects:  87% (29/33)[K
remote: Compressing objects:  90% (30/33)[K
remote: Compressing objects:  93% (31/33)[K
remote: Compressing objects:  96% (32/33)[K
remote: Compressing objects: 100% (33/33)[K
remote: Compressing objects: 100% (33/33), done.[K
Receiving objects:   2% (1/36)
Receiving objects:   5% (2/36)
Receiving objects:   8% (3/36)
Receiving objects:  11% (4/36)
Receiving objects:  13% (5/36)
Receiving objects:  16% (6/36)
Receiving objects:  19% (7/36)
Receiving objects:  22% (8/36)
Receiving objects:  25% (9/36)
Receiving objects:  27% (10/36)
Receiving objects:  30% (11/36)
Receiving objects:  33% (12/36)
Receiving objects:  36% (13/36)
Receiving objects:  38% (14/36)
Receiving objects:  41% (15/36)
Receiving objects:  44% (16/36)
remote: Total 36 (delta 5), reused 34 (delta 3), pack-reused 0[K
Receiving objects:  47% (17/36)
Receiving objects:  50% (18/36)
Receiving objects:  52% (19/36)
Receiving objects:  55% (20/36)
Receiving objects:  58% (21/36)
Receiving objects:  61% (22/36)
Receiving objects:  63% (23/36)
Receiving objects:  66% (24/36)
Receiving objects:  69% (25/36)
Receiving objects:  72% (26/36)
Receiving objects:  75% (27/36)
Receiving objects:  77% (28/36)
Receiving objects:  80% (29/36)
Receiving objects:  83% (30/36)
Receiving objects:  86% (31/36)
Receiving objects:  88% (32/36)
Receiving objects:  91% (33/36)
Receiving objects:  94% (34/36)
Receiving objects:  97% (35/36)
Receiving objects: 100% (36/36)
Receiving objects: 100% (36/36), 171.56 KiB | 2.81 MiB/s, done.
Resolving deltas:   0% (0/5)
Resolving deltas:  60% (3/5)
Resolving deltas:  80% (4/5)
Resolving deltas: 100% (5/5)
Resolving deltas: 100% (5/5), done.
travis_time:end:032f7e04:start=1598018059101415842,finish=1598018059667529928,duration=566114086,event=checkout
[0K$ cd dougginn/docker-react
$ git checkout -qf fac5c2beec7b311e2503cbfe71398282e7ee3fdb
travis_fold:end:git.checkout
[0K
travis_time:end:032f7e04:start=1598018059101415842,finish=1598018059679108251,duration=577692409,event=checkout
[0Ktravis_time:start:211d5fc2
[0Ktravis_time:end:211d5fc2:start=1598018059682347162,finish=1598018059688270489,duration=5923327,event=env
[0K$ bash -c 'echo $BASH_VERSION'
4.3.48(1)-release

travis_fold:start:before_install
[0Ktravis_time:start:20547523
[0K$ docker build -t dginn/docker-react -f Dockerfile.dev .
Sending build context to Docker daemon  557.1kB
Sending build context to Docker daemon  856.1kB


Step 1/6 : FROM node:alpine
alpine: Pulling from library/node

[1A[1K[K
cbdbe7a5bc2a: Pulling fs layer 
[1B
[1A[1K[K
15f7fe915f93: Pulling fs layer 
[1B
[1A[1K[K
3cae4fa026a7: Pulling fs layer 
[1B
[1A[1K[K
bfa729779926: Pulling fs layer 
[1B[1A[1K[K
bfa729779926: Waiting 
[1B[4A[1K[K
cbdbe7a5bc2a: Downloading  28.71kB/2.813MB
[4B[4A[1K[K
cbdbe7a5bc2a: Verifying Checksum 
[4B[4A[1K[K
cbdbe7a5bc2a: Download complete 
[4B[4A[1K[K
cbdbe7a5bc2a: Extracting  32.77kB/2.813MB
[4B[1A[1K[K
bfa729779926: Download complete 
[1B[2A[1K[K
3cae4fa026a7: Downloading   23.4kB/2.24MB
[2B[2A[1K[K
3cae4fa026a7: Verifying Checksum 
[2B[2A[1K[K
3cae4fa026a7: Download complete 
[2B[4A[1K[K
cbdbe7a5bc2a: Extracting  1.114MB/2.813MB
[4B[3A[1K[K
15f7fe915f93: Downloading  359.9kB/35.86MB
[3B[4A[1K[K
cbdbe7a5bc2a: Extracting  2.813MB/2.813MB
[4B[4A[1K[K
cbdbe7a5bc2a: Pull complete 
[4B[3A[1K[K
15f7fe915f93: Downloading   8.65MB/35.86MB
[3B[3A[1K[K
15f7fe915f93: Downloading  22.71MB/35.86MB
[3B[3A[1K[K
15f7fe915f93: Download complete 
[3B[3A[1K[K
15f7fe915f93: Extracting  360.4kB/35.86MB
[3B[3A[1K[K
15f7fe915f93: Extracting  2.884MB/35.86MB
[3B[3A[1K[K
15f7fe915f93: Extracting  5.407MB/35.86MB
[3B[3A[1K[K
15f7fe915f93: Extracting   8.29MB/35.86MB
[3B[3A[1K[K
15f7fe915f93: Extracting  11.53MB/35.86MB
[3B[3A[1K[K
15f7fe915f93: Extracting  14.06MB/35.86MB
[3B[3A[1K[K
15f7fe915f93: Extracting   17.3MB/35.86MB
[3B[3A[1K[K
15f7fe915f93: Extracting  20.19MB/35.86MB
[3B[3A[1K[K
15f7fe915f93: Extracting  23.43MB/35.86MB
[3B[3A[1K[K
15f7fe915f93: Extracting  25.95MB/35.86MB
[3B[3A[1K[K
15f7fe915f93: Extracting  28.48MB/35.86MB
[3B[3A[1K[K
15f7fe915f93: Extracting  29.56MB/35.86MB
[3B[3A[1K[K
15f7fe915f93: Extracting     31MB/35.86MB
[3B[3A[1K[K
15f7fe915f93: Extracting  32.08MB/35.86MB
[3B[3A[1K[K
15f7fe915f93: Extracting  33.16MB/35.86MB
[3B[3A[1K[K
15f7fe915f93: Extracting  33.88MB/35.86MB
[3B[3A[1K[K
15f7fe915f93: Extracting  34.96MB/35.86MB
[3B[3A[1K[K
15f7fe915f93: Extracting  35.68MB/35.86MB
[3B[3A[1K[K
15f7fe915f93: Extracting  35.86MB/35.86MB
[3B[3A[1K[K
15f7fe915f93: Pull complete 
[3B[2A[1K[K
3cae4fa026a7: Extracting  32.77kB/2.24MB
[2B[2A[1K[K
3cae4fa026a7: Extracting  1.081MB/2.24MB
[2B[2A[1K[K
3cae4fa026a7: Extracting   2.24MB/2.24MB
[2B[2A[1K[K
3cae4fa026a7: Pull complete 
[2B[1A[1K[K
bfa729779926: Extracting     284B/284B
[1B[1A[1K[K
bfa729779926: Extracting     284B/284B
[1B[1A[1K[K
bfa729779926: Pull complete 
[1BDigest: sha256:95562acd0ed9398e21babe6b90fd8ac3974709c9338155e2b4ef1c0824e60be1
Status: Downloaded newer image for node:alpine
 ---> 0f2c18cef5d3
Step 2/6 : WORKDIR '/app'
 ---> Running in 1e3abe4b4ede
Removing intermediate container 1e3abe4b4ede
 ---> 161eb3ac3559
Step 3/6 : COPY package.json .
 ---> 8b82a1aa0ba6
Step 4/6 : RUN npm install
 ---> Running in fb3e0ad88f12
[91mnpm WARN deprecated urix@0.1.0: Please see https://github.com/lydell/urix#deprecated
[0m[91mnpm WARN deprecated chokidar@2.1.8: Chokidar 2 will break on node v14+. Upgrade to chokidar 3 with 15x less dependencies.
[0m[91mnpm WARN deprecated @types/testing-library__dom@7.5.0: This is a stub types definition. testing-library__dom provides its own type definitions, so you do not need this installed.
[0m[91mnpm WARN deprecated resolve-url@0.2.1: https://github.com/lydell/resolve-url#deprecated
[0m[91mnpm WARN deprecated request@2.88.2: request has been deprecated, see https://github.com/request/request/issues/3142
[0m[91mnpm WARN deprecated request-promise-native@1.0.9: request-promise-native has been deprecated because it extends the now deprecated request package, see https://github.com/request/request/issues/3142
[0m[91mnpm WARN deprecated fsevents@1.2.13: fsevents 1 will break on node v14+ and could be using insecure binaries. Upgrade to fsevents 2.
[0m[91mnpm WARN deprecated @hapi/joi@15.1.1: joi is leaving the @hapi organization and moving back to 'joi' (https://github.com/sideway/joi/issues/2411)
[0m[91mnpm WARN deprecated har-validator@5.1.5: this library is no longer supported
[0m[91mnpm WARN deprecated @hapi/bourne@1.3.2: This version has been deprecated and is no longer supported or maintained
[0m[91mnpm WARN deprecated @hapi/hoek@8.5.1: This version has been deprecated and is no longer supported or maintained
[0m[91mnpm WARN deprecated @hapi/address@2.1.4: This version has been deprecated and is no longer supported or maintained
[0m[91mnpm WARN deprecated @hapi/topo@3.1.6: This version has been deprecated and is no longer supported or maintained
[0m[91mnpm WARN deprecated left-pad@1.3.0: use String.prototype.padStart()
[0m[91mnpm WARN deprecated core-js@2.6.11: core-js@<3 is no longer maintained and not recommended for usage due to the number of issues. Please, upgrade your dependencies to the actual version of core-js@3.
[0m
> core-js@2.6.11 postinstall /app/node_modules/babel-runtime/node_modules/core-js
> node -e "try{require('./postinstall')}catch(e){}"

[96mThank you for using core-js ([94m https://github.com/zloirock/core-js [96m) for polyfilling JavaScript standard library![0m

[96mThe project needs your help! Please consider supporting of core-js on Open Collective or Patreon: [0m
[96m>[94m https://opencollective.com/core-js [0m
[96m>[94m https://www.patreon.com/zloirock [0m

[96mAlso, the author of core-js ([94m https://github.com/zloirock [96m) is looking for a good job -)[0m


> core-js@3.6.5 postinstall /app/node_modules/core-js
> node -e "try{require('./postinstall')}catch(e){}"

[96mThank you for using core-js ([94m https://github.com/zloirock/core-js [96m) for polyfilling JavaScript standard library![0m

[96mThe project needs your help! Please consider supporting of core-js on Open Collective or Patreon: [0m
[96m>[94m https://opencollective.com/core-js [0m
[96m>[94m https://www.patreon.com/zloirock [0m

[96mAlso, the author of core-js ([94m https://github.com/zloirock [96m) is looking for a good job -)[0m


> core-js-pure@3.6.5 postinstall /app/node_modules/core-js-pure
> node -e "try{require('./postinstall')}catch(e){}"

[96mThank you for using core-js ([94m https://github.com/zloirock/core-js [96m) for polyfilling JavaScript standard library![0m

[96mThe project needs your help! Please consider supporting of core-js on Open Collective or Patreon: [0m
[96m>[94m https://opencollective.com/core-js [0m
[96m>[94m https://www.patreon.com/zloirock [0m

[96mAlso, the author of core-js ([94m https://github.com/zloirock [96m) is looking for a good job -)[0m

[91mnpm notice[0m[91m created a lockfile as package-lock.json. You should commit this file.
[0m[91mnpm WARN optional[0m[91m SKIPPING OPTIONAL DEPENDENCY: fsevents@2.1.2 (node_modules/react-scripts/node_modules/fsevents):
npm WARN notsup[0m[91m SKIPPING OPTIONAL DEPENDENCY: Unsupported platform for fsevents@2.1.2: wanted {"os":"darwin","arch":"any"} (current: {"os":"linux","arch":"x64"})
[0m[91mnpm WARN optional SKIPPING OPTIONAL DEPENDENCY: fsevents@^1.2.7 (node_modules/jest-haste-map/node_modules/fsevents):
npm [0m[91mWARN notsup SKIPPING OPTIONAL DEPENDENCY: Unsupported platform for fsevents@1.2.13: wanted {"os":"darwin","arch":"any"} (current: {"os":"linux","arch":"x64"})
[0m[91mnpm WARN notsup Unsupported engine for watchpack-chokidar2@2.0.0: wanted: {"node":"<8.10.0"} (current: {"node":"14.8.0","npm":"6.14.7"})
npm WARN notsup Not compatible with your version of node/npm: watchpack-chokidar2@2.0.0
[0m[91mnpm WARN optional SKIPPING OPTIONAL DEPENDENCY: fsevents@^1.2.7 (node_modules/watchpack-chokidar2/node_modules/chokidar/node_modules/fsevents):
npm WARN[0m[91m notsup SKIPPING OPTIONAL DEPENDENCY: Unsupported platform for fsevents@1.2.13: wanted {"os":"darwin","arch":"any"} (current: {"os":"linux","arch":"x64"})
[0m[91mnpm WARN optional SKIPPING OPTIONAL DEPENDENCY: fsevents@^1.2.7 (node_modules/webpack-dev-server/node_modules/chokidar/node_modules/fsevents):
npm WARN[0m[91m notsup SKIPPING OPTIONAL DEPENDENCY: Unsupported platform for fsevents@1.2.13: wanted {"os":"darwin","arch":"any"} (current: {"os":"linux","arch":"x64"})
[0m[91mnpm WARN tsutils@3.17.1 requires a peer of typescript@>=2.8.0 || >= 3.2.0-dev || >= 3.3.0-dev || >= 3.4.0-dev || >= 3.5.0-dev || >= 3.6.0-dev || >= 3.6.0-beta || >= 3.7.0-dev || >= 3.7.0-beta but none is installed. You must install peer dependencies yourself.
[0m[91m
[0madded 1604 packages from 783 contributors and audited 1608 packages in 34.964s

65 packages are looking for funding
  run `npm fund` for details

found 0 vulnerabilities

Removing intermediate container fb3e0ad88f12
 ---> 08844526e6fc
Step 5/6 : COPY . .
 ---> 8583023e4f9e
Step 6/6 : CMD ["npm", "run", "start"]
 ---> Running in 52498630a43f
Removing intermediate container 52498630a43f
 ---> e874240d67fb
Successfully built e874240d67fb
Successfully tagged dginn/docker-react:latest
travis_time:end:20547523:start=1598018059693965884,finish=1598018113448463784,duration=53754497900,event=before_install
[0Ktravis_fold:end:before_install
[0Ktravis_time:start:14491f80
[0K$ docker run -e CI=true dougginn/docker-react npm run test
Unable to find image 'dougginn/docker-react:latest' locally
docker: Error response from daemon: pull access denied for dougginn/docker-react, repository does not exist or may require 'docker login'.
See 'docker run --help'.
travis_time:end:14491f80:start=1598018113452529923,finish=1598018114034480944,duration=581951021,event=script
[0K[31;1mThe command "docker run -e CI=true dougginn/docker-react npm run test" exited with 125.[0m


Done. Your build exited with 1.
